<?xml version="1.0" encoding="UTF-8"?>
<!-- Generated by org.testng.reporters.JUnitReportReporter -->
<testsuite hostname="LAPTOP-D6FAS4HN" failures="0" tests="3" name="Example.TestFrames1" time="20.101" errors="0" timestamp="2022-11-29T11:31:29 IST" skipped="0">
  <testcase classname="Example.TestFrames1" name="TestLaunchFrames" time="2.398"/>
  <system-out/>
  <testcase classname="Example.TestFrames1" name="TestFramesInPage" time="0.021"/>
  <system-out/>
  <testcase classname="Example.TestFrames1" name="TestFrameNavigation" time="17.682"/>
  <system-out/>
</testsuite> <!-- Example.TestFrames1 -->
